Release 14.7 - xst P.20131013 (nt64)
Copyright (c) 1995-2013 Xilinx, Inc.  All rights reserved.
--> Parameter TMPDIR set to xst/projnav.tmp


Total REAL time to Xst completion: 0.00 secs
Total CPU time to Xst completion: 0.13 secs
 
--> Parameter xsthdpdir set to xst


Total REAL time to Xst completion: 0.00 secs
Total CPU time to Xst completion: 0.13 secs
 
--> Reading design: wrapper.prj

TABLE OF CONTENTS
  1) Synthesis Options Summary
  2) HDL Parsing
  3) HDL Elaboration
  4) HDL Synthesis
       4.1) HDL Synthesis Report
  5) Advanced HDL Synthesis
       5.1) Advanced HDL Synthesis Report
  6) Low Level Synthesis
  7) Partition Report
  8) Design Summary
       8.1) Primitive and Black Box Usage
       8.2) Device utilization summary
       8.3) Partition Resource Summary
       8.4) Timing Report
            8.4.1) Clock Information
            8.4.2) Asynchronous Control Signals Information
            8.4.3) Timing Summary
            8.4.4) Timing Details
            8.4.5) Cross Clock Domains Report


=========================================================================
*                      Synthesis Options Summary                        *
=========================================================================
---- Source Parameters
Input File Name                    : "wrapper.prj"
Ignore Synthesis Constraint File   : NO

---- Target Parameters
Output File Name                   : "wrapper"
Output Format                      : NGC
Target Device                      : xc7a100t-1-csg324

---- Source Options
Top Module Name                    : wrapper
Automatic FSM Extraction           : YES
FSM Encoding Algorithm             : Auto
Safe Implementation                : No
FSM Style                          : LUT
RAM Extraction                     : Yes
RAM Style                          : Auto
ROM Extraction                     : Yes
Shift Register Extraction          : YES
ROM Style                          : Auto
Resource Sharing                   : YES
Asynchronous To Synchronous        : NO
Shift Register Minimum Size        : 2
Use DSP Block                      : Auto
Automatic Register Balancing       : No

---- Target Options
LUT Combining                      : Auto
Reduce Control Sets                : Auto
Add IO Buffers                     : YES
Global Maximum Fanout              : 100000
Add Generic Clock Buffer(BUFG)     : 32
Register Duplication               : YES
Optimize Instantiated Primitives   : NO
Use Clock Enable                   : Auto
Use Synchronous Set                : Auto
Use Synchronous Reset              : Auto
Pack IO Registers into IOBs        : Auto
Equivalent register Removal        : YES

---- General Options
Optimization Goal                  : Speed
Optimization Effort                : 1
Power Reduction                    : NO
Keep Hierarchy                     : No
Netlist Hierarchy                  : As_Optimized
RTL Output                         : Yes
Global Optimization                : AllClockNets
Read Cores                         : YES
Write Timing Constraints           : NO
Cross Clock Analysis               : NO
Hierarchy Separator                : /
Bus Delimiter                      : <>
Case Specifier                     : Maintain
Slice Utilization Ratio            : 100
BRAM Utilization Ratio             : 100
DSP48 Utilization Ratio            : 100
Auto BRAM Packing                  : NO
Slice Utilization Ratio Delta      : 5

---- Other Options
Cores Search Directories           : {"ipcore_dir"  }

=========================================================================


=========================================================================
*                          HDL Parsing                                  *
=========================================================================
Analyzing Verilog file "C:\Users\Student\Desktop\Sem 5 Stuff\COA Final Assignment\newrisc\lcu_16_bit.v" into library work
Parsing module <lcu_16bit>.
Analyzing Verilog file "C:\Users\Student\Desktop\Sem 5 Stuff\COA Final Assignment\newrisc\cla_4_bit.v" into library work
Parsing module <cla_4bit>.
Analyzing Verilog file "C:\Users\Student\Desktop\Sem 5 Stuff\COA Final Assignment\newrisc\lcu_32_bit.v" into library work
Parsing module <lcu_32bit>.
Analyzing Verilog file "C:\Users\Student\Desktop\Sem 5 Stuff\COA Final Assignment\newrisc\cla_16_bit.v" into library work
Parsing module <cla_16bit>.
Analyzing Verilog file "C:\Users\Student\Desktop\Sem 5 Stuff\COA Final Assignment\newrisc\mux_4x1.v" into library work
Parsing module <mux_4x1>.
Analyzing Verilog file "C:\Users\Student\Desktop\Sem 5 Stuff\COA Final Assignment\newrisc\mux_2x1.v" into library work
Parsing module <mux_2x1>.
Analyzing Verilog file "C:\Users\Student\Desktop\Sem 5 Stuff\COA Final Assignment\newrisc\diff.v" into library work
Parsing module <diff>.
Analyzing Verilog file "C:\Users\Student\Desktop\Sem 5 Stuff\COA Final Assignment\newrisc\cla_32_bit.v" into library work
Parsing module <cla_32bit>.
Analyzing Verilog file "C:\Users\Student\Desktop\Sem 5 Stuff\COA Final Assignment\newrisc\sign_extend_16_32.v" into library work
Parsing module <sign_extend_16_32>.
Analyzing Verilog file "C:\Users\Student\Desktop\Sem 5 Stuff\COA Final Assignment\newrisc\sign_extend_15_32.v" into library work
Parsing module <sign_extend_15_32>.
Analyzing Verilog file "C:\Users\Student\Desktop\Sem 5 Stuff\COA Final Assignment\newrisc\reg_file.v" into library work
Parsing module <reg_file>.
Analyzing Verilog file "C:\Users\Student\Desktop\Sem 5 Stuff\COA Final Assignment\newrisc\program_counter.v" into library work
Parsing module <program_counter>.
Analyzing Verilog file "C:\Users\Student\Desktop\Sem 5 Stuff\COA Final Assignment\newrisc\ipcore_dir\instruction_memory.v" into library work
Parsing module <instruction_memory>.
Analyzing Verilog file "C:\Users\Student\Desktop\Sem 5 Stuff\COA Final Assignment\newrisc\ipcore_dir\data_memory.v" into library work
Parsing module <data_memory>.
Analyzing Verilog file "C:\Users\Student\Desktop\Sem 5 Stuff\COA Final Assignment\newrisc\instruction_decoder.v" into library work
Parsing module <instruction_decoder>.
Analyzing Verilog file "C:\Users\Student\Desktop\Sem 5 Stuff\COA Final Assignment\newrisc\branch_control.v" into library work
Parsing module <branch_control>.
Analyzing Verilog file "C:\Users\Student\Desktop\Sem 5 Stuff\COA Final Assignment\newrisc\alu.v" into library work
Parsing module <alu>.
Analyzing Verilog file "C:\Users\Student\Desktop\Sem 5 Stuff\COA Final Assignment\newrisc\data_path.v" into library work
Parsing module <data_path>.
Analyzing Verilog file "C:\Users\Student\Desktop\Sem 5 Stuff\COA Final Assignment\newrisc\control_unit.v" into library work
Parsing module <control_unit>.
Analyzing Verilog file "C:\Users\Student\Desktop\Sem 5 Stuff\COA Final Assignment\newrisc\KGPminiRISC.v" into library work
Parsing module <KGPminiRISC>.
Analyzing Verilog file "C:\Users\Student\Desktop\Sem 5 Stuff\COA Final Assignment\newrisc\wrapper.v" into library work
Parsing module <wrapper>.

=========================================================================
*                            HDL Elaboration                            *
=========================================================================
WARNING:HDLCompiler:1016 - "C:\Users\Student\Desktop\Sem 5 Stuff\COA Final Assignment\newrisc\wrapper.v" Line 41: Port final_res is not connected to this instance

Elaborating module <wrapper>.

Elaborating module <KGPminiRISC>.

Elaborating module <control_unit>.
WARNING:HDLCompiler:25 - "C:\Users\Student\Desktop\Sem 5 Stuff\COA Final Assignment\newrisc\data_path.v" Line 90: Module <instruction_memory> does not have a port named <clk>.
WARNING:HDLCompiler:25 - "C:\Users\Student\Desktop\Sem 5 Stuff\COA Final Assignment\newrisc\data_path.v" Line 91: Module <instruction_memory> does not have a port named <instruction_addr>.
WARNING:HDLCompiler:25 - "C:\Users\Student\Desktop\Sem 5 Stuff\COA Final Assignment\newrisc\data_path.v" Line 92: Module <instruction_memory> does not have a port named <instruction>.
WARNING:HDLCompiler:1016 - "C:\Users\Student\Desktop\Sem 5 Stuff\COA Final Assignment\newrisc\data_path.v" Line 89: Port clka is not connected to this instance
WARNING:HDLCompiler:25 - "C:\Users\Student\Desktop\Sem 5 Stuff\COA Final Assignment\newrisc\data_path.v" Line 137: Module <data_memory> does not have a port named <clk>.
WARNING:HDLCompiler:25 - "C:\Users\Student\Desktop\Sem 5 Stuff\COA Final Assignment\newrisc\data_path.v" Line 138: Module <data_memory> does not have a port named <enable>.
WARNING:HDLCompiler:25 - "C:\Users\Student\Desktop\Sem 5 Stuff\COA Final Assignment\newrisc\data_path.v" Line 139: Module <data_memory> does not have a port named <write_enable>.
WARNING:HDLCompiler:25 - "C:\Users\Student\Desktop\Sem 5 Stuff\COA Final Assignment\newrisc\data_path.v" Line 140: Module <data_memory> does not have a port named <addr>.
WARNING:HDLCompiler:25 - "C:\Users\Student\Desktop\Sem 5 Stuff\COA Final Assignment\newrisc\data_path.v" Line 141: Module <data_memory> does not have a port named <write_data>.
WARNING:HDLCompiler:25 - "C:\Users\Student\Desktop\Sem 5 Stuff\COA Final Assignment\newrisc\data_path.v" Line 142: Module <data_memory> does not have a port named <read_data>.
WARNING:HDLCompiler:1016 - "C:\Users\Student\Desktop\Sem 5 Stuff\COA Final Assignment\newrisc\data_path.v" Line 136: Port clka is not connected to this instance

Elaborating module <data_path>.

Elaborating module <reg_file>.

Elaborating module <instruction_decoder>.

Elaborating module <instruction_memory>.
WARNING:HDLCompiler:1499 - "C:\Users\Student\Desktop\Sem 5 Stuff\COA Final Assignment\newrisc\ipcore_dir\instruction_memory.v" Line 39: Empty module <instruction_memory> remains a black box.
ERROR:HDLCompiler:267 - "C:\Users\Student\Desktop\Sem 5 Stuff\COA Final Assignment\newrisc\data_path.v" Line 90: Cannot find port clk on this module
ERROR:HDLCompiler:267 - "C:\Users\Student\Desktop\Sem 5 Stuff\COA Final Assignment\newrisc\data_path.v" Line 91: Cannot find port instruction_addr on this module
ERROR:HDLCompiler:267 - "C:\Users\Student\Desktop\Sem 5 Stuff\COA Final Assignment\newrisc\data_path.v" Line 92: Cannot find port instruction on this module
Module data_path remains a blackbox, due to errors in its contents
WARNING:HDLCompiler:1499 - "C:\Users\Student\Desktop\Sem 5 Stuff\COA Final Assignment\newrisc\data_path.v" Line 1: Empty module <data_path> remains a black box.
ERROR:HDLCompiler:418 - "C:\Users\Student\Desktop\Sem 5 Stuff\COA Final Assignment\newrisc\wrapper.v" Line 47: External reference <RegFile> remains unresolved.
Module wrapper remains a blackbox, due to errors in its contents
WARNING:HDLCompiler:1499 - "C:\Users\Student\Desktop\Sem 5 Stuff\COA Final Assignment\newrisc\wrapper.v" Line 21: Empty module <wrapper> remains a black box.
--> 

Total memory usage is 4497424 kilobytes

Number of errors   :    4 (   0 filtered)
Number of warnings :   15 (   0 filtered)
Number of infos    :    0 (   0 filtered)

